Case #1: CAB
Case #2: MJA
Case #3: OCDE
Case #4: BBAAA
Case #5: CCCABBBAB
Case #6: CCCBAABAB
Case #7: ZXCASDQWE
Case #8: CCCCCCCBAAAABBA
Case #9: CCCCCBAABABAABA
Case #10: CCCCBABAABABABA
Case #11: CCCCCBBBBBAAAAA
Case #12: ZKKGPQQBVXSSSXW
Case #13: OMNJKLIHGFADCBE
Case #14: CCCCCBBBBABAAAA
Case #15: CCCCCBBBBBAAAAA
Case #16: ZRQDDWYYVYKBQXY
Case #17: CCCCCABBBBBAAAA
Case #18: CBBBAAAAABBAA
Case #19: CCCCCBBAABAAAAB
Case #20: CCCCCBBBBAAAAAB
Case #21: CBA
Case #22: DDDCCBBBBABCCC
Case #23: CCCCCBBBBAAABAB
Case #24: BBA
Case #25: BA
Case #26: CCCCCCBAAABAAAB
Case #27: AA
Case #28: CCCBBBAAAAAAA
Case #29: BBA
Case #30: CCCCCAAAABBBBAB
Case #31: CBBBBAAAAAABB
Case #32: OLACDFGHIJKBMNE
Case #33: BAA
Case #34: ZSDDMBJMTSLQYKJ
Case #35: CCCCBABBAAABAAB
Case #36: DDDDCCBBBAAAA
Case #37: CCCCCBBBBAAAAAB
Case #38: ZEDCBAYXWU
Case #39: ONMLBKDHGFIACJE
Case #40: CCCCCCCBABABABA
Case #41: BBBBBAAAAAAAA
Case #42: CCCCCCCCCCBBBAA
Case #43: ONMACHEFGDIJLBK
Case #44: ZADBC
Case #45: ZDCBA
Case #46: A
Case #47: CCCCCBBBBBAAAAA
Case #48: BBA
Case #49: BA
Case #50: CCCCABBBBAABBAA
Case #51: CAB
Case #52: RRBAACADABA
Case #53: BAAA
Case #54: CCCCCBBBBBAAAAA
Case #55: OMNDIJEAGFBCLKH
Case #56: CCCAAAAAABBBAAB
Case #57: AAA
Case #58: MMAEFGHIALKJDCB
Case #59: MMLKJIHGECBADFA
Case #60: CCCCCBBBBBAAAAA
Case #61: ZABCD
Case #62: DCBAAAAAAAAAAA
Case #63: CCCCBBBBBBBBABB
Case #64: MMEHJKALIGFDCBA
Case #65: MMAJIHGFDBACEKL
Case #66: CCCCCBAAAAABBAA
Case #67: ZACBA
Case #68: CCCBBAAAAAABA
Case #69: BB
Case #70: CCBBBBBAAAABA
Case #71: ZDABC
Case #72: CBA
Case #73: BAAA
Case #74: ZAAAA
Case #75: ONMJBCADFGHKLEI
Case #76: Z
Case #77: ONMGBKJIHFEDCLA
Case #78: CCCCCCCBAAABABB
Case #79: CCCCCBBABBABBAA
Case #80: CCCCCCBABAABBBB
Case #81: ZABYCXDWEU
Case #82: MMJAGDCBAEFHIKL
Case #83: MMABCIJALKHGFED
Case #84: ZAYBXCWDUE
Case #85: BAA
Case #86: DCCBBAAABABAB
Case #87: CBA
Case #88: BAA
Case #89: BBB
Case #90: ONJBAHKLEICFMDG
Case #91: BAAA
Case #92: ONJBAEFMICHLGDK
Case #93: YYTQRNFGLWLRSQX
Case #94: CCCCBBAAABAAABA
Case #95: ONLEDKJIHBMACFG
Case #96: DCBBBBAAAAAAAA
Case #97: BAAA
Case #98: ZVTNDJBNQTVQPJD
Case #99: CBA
Case #100: CCCCABBBBAAABBB
